10-Jan-2025 10:08:25.081 INFO [main] org.apache.catalina.startup.VersionLoggerListener.log Имя версии сервера:    Apache Tomcat/10.1.34
10-Jan-2025 10:08:25.084 INFO [main] org.apache.catalina.startup.VersionLoggerListener.log Сервер собран:         Dec 5 2024 16:01:16 UTC
10-Jan-2025 10:08:25.084 INFO [main] org.apache.catalina.startup.VersionLoggerListener.log Номер версии сервера:  10.1.34.0
10-Jan-2025 10:08:25.084 INFO [main] org.apache.catalina.startup.VersionLoggerListener.log OS Name:               Windows 10
10-Jan-2025 10:08:25.084 INFO [main] org.apache.catalina.startup.VersionLoggerListener.log Версия ОС:             10.0
10-Jan-2025 10:08:25.084 INFO [main] org.apache.catalina.startup.VersionLoggerListener.log Архитектура:           amd64
10-Jan-2025 10:08:25.084 INFO [main] org.apache.catalina.startup.VersionLoggerListener.log Java Home:             C:\Users\1\.jdks\openjdk-21
10-Jan-2025 10:08:25.084 INFO [main] org.apache.catalina.startup.VersionLoggerListener.log Версия JVM:            21+35-2513
10-Jan-2025 10:08:25.085 INFO [main] org.apache.catalina.startup.VersionLoggerListener.log Производитель JVM:     Oracle Corporation
10-Jan-2025 10:08:25.085 INFO [main] org.apache.catalina.startup.VersionLoggerListener.log CATALINA_BASE:         C:\VitaliySaz\Java\spring_mvc_hibernate_aop
10-Jan-2025 10:08:25.085 INFO [main] org.apache.catalina.startup.VersionLoggerListener.log CATALINA_HOME:         C:\VitaliySaz\Tomcat\apache-tomcat-10.1.34
10-Jan-2025 10:08:25.091 INFO [main] org.apache.catalina.startup.VersionLoggerListener.log Command line argument: --add-opens=java.base/java.lang=ALL-UNNAMED
10-Jan-2025 10:08:25.091 INFO [main] org.apache.catalina.startup.VersionLoggerListener.log Command line argument: --add-opens=java.base/java.io=ALL-UNNAMED
10-Jan-2025 10:08:25.091 INFO [main] org.apache.catalina.startup.VersionLoggerListener.log Command line argument: --add-opens=java.base/java.util=ALL-UNNAMED
10-Jan-2025 10:08:25.091 INFO [main] org.apache.catalina.startup.VersionLoggerListener.log Command line argument: --add-opens=java.base/java.util.concurrent=ALL-UNNAMED
10-Jan-2025 10:08:25.091 INFO [main] org.apache.catalina.startup.VersionLoggerListener.log Command line argument: --add-opens=java.rmi/sun.rmi.transport=ALL-UNNAMED
10-Jan-2025 10:08:25.091 INFO [main] org.apache.catalina.startup.VersionLoggerListener.log Command line argument: -Dcatalina.home=C:\VitaliySaz\Tomcat\apache-tomcat-10.1.34
10-Jan-2025 10:08:25.091 INFO [main] org.apache.catalina.startup.VersionLoggerListener.log Command line argument: -Dcatalina.base=C:\VitaliySaz\Java\spring_mvc_hibernate_aop
10-Jan-2025 10:08:25.091 INFO [main] org.apache.catalina.startup.VersionLoggerListener.log Command line argument: -Djava.io.tmpdir=C:\VitaliySaz\Java\spring_mvc_hibernate_aop\temp
10-Jan-2025 10:08:25.091 INFO [main] org.apache.catalina.startup.VersionLoggerListener.log Command line argument: -Djava.util.logging.config.file=C:\VitaliySaz\Java\spring_mvc_hibernate_aop\conf\logging.properties
10-Jan-2025 10:08:25.091 INFO [main] org.apache.catalina.startup.VersionLoggerListener.log Command line argument: -Djava.util.logging.manager=org.apache.juli.ClassLoaderLogManager
10-Jan-2025 10:08:25.091 INFO [main] org.apache.catalina.startup.VersionLoggerListener.log Command line argument: -javaagent:C:\Program Files\JetBrains\IntelliJ IDEA Community Edition 2024.2.4\lib\idea_rt.jar=52038:C:\Program Files\JetBrains\IntelliJ IDEA Community Edition 2024.2.4\bin
10-Jan-2025 10:08:25.091 INFO [main] org.apache.catalina.startup.VersionLoggerListener.log Command line argument: -Dfile.encoding=UTF-8
10-Jan-2025 10:08:25.091 INFO [main] org.apache.catalina.startup.VersionLoggerListener.log Command line argument: -Dsun.stdout.encoding=UTF-8
10-Jan-2025 10:08:25.091 INFO [main] org.apache.catalina.startup.VersionLoggerListener.log Command line argument: -Dsun.stderr.encoding=UTF-8
10-Jan-2025 10:08:25.096 INFO [main] org.apache.catalina.core.AprLifecycleListener.lifecycleEvent The Apache Tomcat Native library which allows using OpenSSL was not found on the java.library.path: [C:\Users\1\.jdks\openjdk-21\bin;C:\Windows\Sun\Java\bin;C:\Windows\system32;C:\Windows;C:\Program Files\Common Files\Oracle\Java\javapath;C:\Program Files (x86)\VMware\VMware Workstation\bin\;C:\Windows\system32;C:\Windows;C:\Windows\System32\Wbem;C:\Windows\System32\WindowsPowerShell\v1.0\;C:\Windows\System32\OpenSSH\;C:\Program Files\nodejs\;C:\ProgramData\chocolatey\bin;C:\Program Files\Git\cmd;C:\Program Files\Java\jdk-21\bin;C:\Users\1\AppData\Local\Programs\Python\Launcher\;C:\Users\1\AppData\Local\Microsoft\WindowsApps;C:\Users\1\AppData\Roaming\npm;C:\Users\1\AppData\Local\Programs\Microsoft VS Code\bin;C:\Program Files\JetBrains\IntelliJ IDEA Community Edition 2024.2.4\bin;;.]
10-Jan-2025 10:08:25.344 INFO [main] org.apache.coyote.AbstractProtocol.init Инициализация ProtocolHandler ["http-nio-8080"]
10-Jan-2025 10:08:25.357 INFO [main] org.apache.catalina.startup.Catalina.load Server initialization in [467] milliseconds
10-Jan-2025 10:08:25.401 INFO [main] org.apache.catalina.core.StandardService.startInternal Starting service [Catalina]
10-Jan-2025 10:08:25.401 INFO [main] org.apache.catalina.core.StandardEngine.startInternal Starting Servlet engine: [Apache Tomcat/10.1.34]
10-Jan-2025 10:08:25.409 INFO [main] org.apache.catalina.startup.HostConfig.deployDescriptor Deploying deployment descriptor [C:\VitaliySaz\Java\spring_mvc_hibernate_aop\conf\Catalina\localhost\spring_mvc_hibernate_aop.xml]
10-Jan-2025 10:08:26.297 INFO [main] org.apache.jasper.servlet.TldScanner.scanJars At least one JAR was scanned for TLDs yet contained no TLDs. Enable debug logging for this logger for a complete list of JARs that were scanned but no TLDs were found in them. Skipping unneeded JARs during scanning can improve startup time and JSP compilation time.
10-Jan-2025 10:08:26.481 INFO [main] org.springframework.web.servlet.FrameworkServlet.initServletBean Initializing Servlet 'dispatcher'
10-Jan-2025 10:08:27.201 INFO [MLog-Init-Reporter] com.mchange.v2.log.MLog. MLog clients using java 1.4+ standard logging.
10-Jan-2025 10:08:27.273 INFO [main] com.mchange.v2.c3p0.C3P0Registry. Initializing c3p0-0.9.5.5 [built 11-December-2019 22:18:33 -0800; debug? true; trace: 10]
10-Jan-2025 10:08:27.469 INFO [main] org.hibernate.Version.logVersion HHH000412: Hibernate ORM core version 6.4.0.Final
10-Jan-2025 10:08:27.583 INFO [main] org.hibernate.cache.internal.RegionFactoryInitiator.initiateService HHH000026: Second-level cache disabled
10-Jan-2025 10:08:27.848 INFO [main] com.mchange.v2.c3p0.impl.AbstractPoolBackedDataSource. Initializing c3p0 pool... com.mchange.v2.c3p0.ComboPooledDataSource [ acquireIncrement -> 3, acquireRetryAttempts -> 30, acquireRetryDelay -> 1000, autoCommitOnClose -> false, automaticTestTable -> null, breakAfterAcquireFailure -> false, checkoutTimeout -> 0, connectionCustomizerClassName -> null, connectionTesterClassName -> com.mchange.v2.c3p0.impl.DefaultConnectionTester, contextClassLoaderSource -> caller, dataSourceName -> 1hgeby9b8lve6pju91miq|117bcfdc, debugUnreturnedConnectionStackTraces -> false, description -> null, driverClass -> org.postgresql.Driver, extensions -> {}, factoryClassLocation -> null, forceIgnoreUnresolvedTransactions -> false, forceSynchronousCheckins -> false, forceUseNamedDriverClass -> false, identityToken -> 1hgeby9b8lve6pju91miq|117bcfdc, idleConnectionTestPeriod -> 0, initialPoolSize -> 3, jdbcUrl -> jdbc:postgresql://localhost:5432/postgres, maxAdministrativeTaskTime -> 0, maxConnectionAge -> 0, maxIdleTime -> 0, maxIdleTimeExcessConnections -> 0, maxPoolSize -> 15, maxStatements -> 0, maxStatementsPerConnection -> 0, minPoolSize -> 3, numHelperThreads -> 3, preferredTestQuery -> null, privilegeSpawnedThreads -> false, properties -> {password=******, user=******}, propertyCycle -> 0, statementCacheNumDeferredCloseThreads -> 0, testConnectionOnCheckin -> false, testConnectionOnCheckout -> false, unreturnedConnectionTimeout -> 0, userOverrides -> {}, usesTraditionalReflectiveProxies -> false ]
10-Jan-2025 10:08:28.137 WARN [main] org.hibernate.dialect.Dialect.checkVersion HHH000511: The 11.22.0 version for [org.hibernate.dialect.PostgreSQLDialect] is no longer supported, hence certain features may not work properly. The minimum supported version is 12.0.0. Check the community dialects project for available legacy versions.
10-Jan-2025 10:08:28.150 WARN [main] org.hibernate.engine.jdbc.dialect.internal.DialectFactoryImpl.constructDialect HHH90000025: PostgreSQLDialect does not need to be specified explicitly using 'hibernate.dialect' (remove the property setting and it will be selected by default)
10-Jan-2025 10:08:29.775 INFO [main] org.hibernate.engine.transaction.jta.platform.internal.JtaPlatformInitiator.initiateService HHH000489: No JTA platform available (set 'hibernate.transaction.jta.platform' to enable JTA platform integration)
10-Jan-2025 10:08:30.112 INFO [main] org.springframework.web.servlet.FrameworkServlet.initServletBean Completed initialization in 3630 ms
10-Jan-2025 10:08:30.129 INFO [main] org.apache.catalina.startup.HostConfig.deployDescriptor Deployment of deployment descriptor [C:\VitaliySaz\Java\spring_mvc_hibernate_aop\conf\Catalina\localhost\spring_mvc_hibernate_aop.xml] has finished in [4 719] ms
10-Jan-2025 10:08:30.133 INFO [main] org.apache.coyote.AbstractProtocol.start Starting ProtocolHandler ["http-nio-8080"]
10-Jan-2025 10:08:30.146 INFO [main] org.apache.catalina.startup.Catalina.start Server startup in [4787] milliseconds
10-Jan-2025 10:17:21.308 INFO [Thread-5] org.apache.coyote.AbstractProtocol.pause Pausing ProtocolHandler ["http-nio-8080"]
10-Jan-2025 10:17:21.311 INFO [Thread-5] org.apache.catalina.core.StandardService.stopInternal Stopping service [Catalina]
10-Jan-2025 10:17:21.328 WARNING [Thread-5] org.apache.catalina.loader.WebappClassLoaderBase.clearReferencesJdbc The web application [spring_mvc_hibernate_aop] registered the JDBC driver [org.postgresql.Driver] but failed to unregister it when the web application was stopped. To prevent a memory leak, the JDBC Driver has been forcibly unregistered.
10-Jan-2025 10:17:21.333 INFO [Thread-5] org.apache.coyote.AbstractProtocol.stop Stopping ProtocolHandler ["http-nio-8080"]
10-Jan-2025 10:17:21.337 INFO [Thread-5] org.apache.coyote.AbstractProtocol.destroy Destroying ProtocolHandler ["http-nio-8080"]
10-Jan-2025 10:17:23.218 INFO [main] org.apache.catalina.startup.VersionLoggerListener.log Имя версии сервера:    Apache Tomcat/10.1.34
10-Jan-2025 10:17:23.221 INFO [main] org.apache.catalina.startup.VersionLoggerListener.log Сервер собран:         Dec 5 2024 16:01:16 UTC
10-Jan-2025 10:17:23.221 INFO [main] org.apache.catalina.startup.VersionLoggerListener.log Номер версии сервера:  10.1.34.0
10-Jan-2025 10:17:23.221 INFO [main] org.apache.catalina.startup.VersionLoggerListener.log OS Name:               Windows 10
10-Jan-2025 10:17:23.221 INFO [main] org.apache.catalina.startup.VersionLoggerListener.log Версия ОС:             10.0
10-Jan-2025 10:17:23.221 INFO [main] org.apache.catalina.startup.VersionLoggerListener.log Архитектура:           amd64
10-Jan-2025 10:17:23.221 INFO [main] org.apache.catalina.startup.VersionLoggerListener.log Java Home:             C:\Users\1\.jdks\openjdk-21
10-Jan-2025 10:17:23.221 INFO [main] org.apache.catalina.startup.VersionLoggerListener.log Версия JVM:            21+35-2513
10-Jan-2025 10:17:23.221 INFO [main] org.apache.catalina.startup.VersionLoggerListener.log Производитель JVM:     Oracle Corporation
10-Jan-2025 10:17:23.221 INFO [main] org.apache.catalina.startup.VersionLoggerListener.log CATALINA_BASE:         C:\VitaliySaz\Java\spring_mvc_hibernate_aop
10-Jan-2025 10:17:23.221 INFO [main] org.apache.catalina.startup.VersionLoggerListener.log CATALINA_HOME:         C:\VitaliySaz\Tomcat\apache-tomcat-10.1.34
10-Jan-2025 10:17:23.227 INFO [main] org.apache.catalina.startup.VersionLoggerListener.log Command line argument: --add-opens=java.base/java.lang=ALL-UNNAMED
10-Jan-2025 10:17:23.227 INFO [main] org.apache.catalina.startup.VersionLoggerListener.log Command line argument: --add-opens=java.base/java.io=ALL-UNNAMED
10-Jan-2025 10:17:23.227 INFO [main] org.apache.catalina.startup.VersionLoggerListener.log Command line argument: --add-opens=java.base/java.util=ALL-UNNAMED
10-Jan-2025 10:17:23.227 INFO [main] org.apache.catalina.startup.VersionLoggerListener.log Command line argument: --add-opens=java.base/java.util.concurrent=ALL-UNNAMED
10-Jan-2025 10:17:23.227 INFO [main] org.apache.catalina.startup.VersionLoggerListener.log Command line argument: --add-opens=java.rmi/sun.rmi.transport=ALL-UNNAMED
10-Jan-2025 10:17:23.228 INFO [main] org.apache.catalina.startup.VersionLoggerListener.log Command line argument: -Dcatalina.home=C:\VitaliySaz\Tomcat\apache-tomcat-10.1.34
10-Jan-2025 10:17:23.228 INFO [main] org.apache.catalina.startup.VersionLoggerListener.log Command line argument: -Dcatalina.base=C:\VitaliySaz\Java\spring_mvc_hibernate_aop
10-Jan-2025 10:17:23.228 INFO [main] org.apache.catalina.startup.VersionLoggerListener.log Command line argument: -Djava.io.tmpdir=C:\VitaliySaz\Java\spring_mvc_hibernate_aop\temp
10-Jan-2025 10:17:23.228 INFO [main] org.apache.catalina.startup.VersionLoggerListener.log Command line argument: -Djava.util.logging.config.file=C:\VitaliySaz\Java\spring_mvc_hibernate_aop\conf\logging.properties
10-Jan-2025 10:17:23.228 INFO [main] org.apache.catalina.startup.VersionLoggerListener.log Command line argument: -Djava.util.logging.manager=org.apache.juli.ClassLoaderLogManager
10-Jan-2025 10:17:23.228 INFO [main] org.apache.catalina.startup.VersionLoggerListener.log Command line argument: -javaagent:C:\Program Files\JetBrains\IntelliJ IDEA Community Edition 2024.2.4\lib\idea_rt.jar=53045:C:\Program Files\JetBrains\IntelliJ IDEA Community Edition 2024.2.4\bin
10-Jan-2025 10:17:23.228 INFO [main] org.apache.catalina.startup.VersionLoggerListener.log Command line argument: -Dfile.encoding=UTF-8
10-Jan-2025 10:17:23.228 INFO [main] org.apache.catalina.startup.VersionLoggerListener.log Command line argument: -Dsun.stdout.encoding=UTF-8
10-Jan-2025 10:17:23.229 INFO [main] org.apache.catalina.startup.VersionLoggerListener.log Command line argument: -Dsun.stderr.encoding=UTF-8
10-Jan-2025 10:17:23.234 INFO [main] org.apache.catalina.core.AprLifecycleListener.lifecycleEvent The Apache Tomcat Native library which allows using OpenSSL was not found on the java.library.path: [C:\Users\1\.jdks\openjdk-21\bin;C:\Windows\Sun\Java\bin;C:\Windows\system32;C:\Windows;C:\Program Files\Common Files\Oracle\Java\javapath;C:\Program Files (x86)\VMware\VMware Workstation\bin\;C:\Windows\system32;C:\Windows;C:\Windows\System32\Wbem;C:\Windows\System32\WindowsPowerShell\v1.0\;C:\Windows\System32\OpenSSH\;C:\Program Files\nodejs\;C:\ProgramData\chocolatey\bin;C:\Program Files\Git\cmd;C:\Program Files\Java\jdk-21\bin;C:\Users\1\AppData\Local\Programs\Python\Launcher\;C:\Users\1\AppData\Local\Microsoft\WindowsApps;C:\Users\1\AppData\Roaming\npm;C:\Users\1\AppData\Local\Programs\Microsoft VS Code\bin;C:\Program Files\JetBrains\IntelliJ IDEA Community Edition 2024.2.4\bin;;.]
10-Jan-2025 10:17:23.441 INFO [main] org.apache.coyote.AbstractProtocol.init Инициализация ProtocolHandler ["http-nio-8080"]
10-Jan-2025 10:17:23.456 INFO [main] org.apache.catalina.startup.Catalina.load Server initialization in [375] milliseconds
10-Jan-2025 10:17:23.497 INFO [main] org.apache.catalina.core.StandardService.startInternal Starting service [Catalina]
10-Jan-2025 10:17:23.498 INFO [main] org.apache.catalina.core.StandardEngine.startInternal Starting Servlet engine: [Apache Tomcat/10.1.34]
10-Jan-2025 10:17:23.506 INFO [main] org.apache.catalina.startup.HostConfig.deployDescriptor Deploying deployment descriptor [C:\VitaliySaz\Java\spring_mvc_hibernate_aop\conf\Catalina\localhost\spring_mvc_hibernate_aop.xml]
10-Jan-2025 10:17:23.951 INFO [main] org.apache.jasper.servlet.TldScanner.scanJars At least one JAR was scanned for TLDs yet contained no TLDs. Enable debug logging for this logger for a complete list of JARs that were scanned but no TLDs were found in them. Skipping unneeded JARs during scanning can improve startup time and JSP compilation time.
10-Jan-2025 10:17:24.111 INFO [main] org.springframework.web.servlet.FrameworkServlet.initServletBean Initializing Servlet 'dispatcher'
10-Jan-2025 10:17:24.733 INFO [MLog-Init-Reporter] com.mchange.v2.log.MLog. MLog clients using java 1.4+ standard logging.
10-Jan-2025 10:17:24.798 INFO [main] com.mchange.v2.c3p0.C3P0Registry. Initializing c3p0-0.9.5.5 [built 11-December-2019 22:18:33 -0800; debug? true; trace: 10]
10-Jan-2025 10:17:24.969 INFO [main] org.hibernate.Version.logVersion HHH000412: Hibernate ORM core version 6.4.0.Final
10-Jan-2025 10:17:25.061 INFO [main] org.hibernate.cache.internal.RegionFactoryInitiator.initiateService HHH000026: Second-level cache disabled
10-Jan-2025 10:17:25.294 INFO [main] com.mchange.v2.c3p0.impl.AbstractPoolBackedDataSource. Initializing c3p0 pool... com.mchange.v2.c3p0.ComboPooledDataSource [ acquireIncrement -> 3, acquireRetryAttempts -> 30, acquireRetryDelay -> 1000, autoCommitOnClose -> false, automaticTestTable -> null, breakAfterAcquireFailure -> false, checkoutTimeout -> 0, connectionCustomizerClassName -> null, connectionTesterClassName -> com.mchange.v2.c3p0.impl.DefaultConnectionTester, contextClassLoaderSource -> caller, dataSourceName -> 1hgeby9b8lvppguip3mfj|b174a73, debugUnreturnedConnectionStackTraces -> false, description -> null, driverClass -> org.postgresql.Driver, extensions -> {}, factoryClassLocation -> null, forceIgnoreUnresolvedTransactions -> false, forceSynchronousCheckins -> false, forceUseNamedDriverClass -> false, identityToken -> 1hgeby9b8lvppguip3mfj|b174a73, idleConnectionTestPeriod -> 0, initialPoolSize -> 3, jdbcUrl -> jdbc:postgresql://localhost:5432/postgres, maxAdministrativeTaskTime -> 0, maxConnectionAge -> 0, maxIdleTime -> 0, maxIdleTimeExcessConnections -> 0, maxPoolSize -> 15, maxStatements -> 0, maxStatementsPerConnection -> 0, minPoolSize -> 3, numHelperThreads -> 3, preferredTestQuery -> null, privilegeSpawnedThreads -> false, properties -> {password=******, user=******}, propertyCycle -> 0, statementCacheNumDeferredCloseThreads -> 0, testConnectionOnCheckin -> false, testConnectionOnCheckout -> false, unreturnedConnectionTimeout -> 0, userOverrides -> {}, usesTraditionalReflectiveProxies -> false ]
10-Jan-2025 10:17:25.513 WARN [main] org.hibernate.dialect.Dialect.checkVersion HHH000511: The 11.22.0 version for [org.hibernate.dialect.PostgreSQLDialect] is no longer supported, hence certain features may not work properly. The minimum supported version is 12.0.0. Check the community dialects project for available legacy versions.
10-Jan-2025 10:17:25.521 WARN [main] org.hibernate.engine.jdbc.dialect.internal.DialectFactoryImpl.constructDialect HHH90000025: PostgreSQLDialect does not need to be specified explicitly using 'hibernate.dialect' (remove the property setting and it will be selected by default)
10-Jan-2025 10:17:26.960 INFO [main] org.hibernate.engine.transaction.jta.platform.internal.JtaPlatformInitiator.initiateService HHH000489: No JTA platform available (set 'hibernate.transaction.jta.platform' to enable JTA platform integration)
10-Jan-2025 10:17:27.285 INFO [main] org.springframework.web.servlet.FrameworkServlet.initServletBean Completed initialization in 3173 ms
10-Jan-2025 10:17:27.293 INFO [main] org.apache.catalina.startup.HostConfig.deployDescriptor Deployment of deployment descriptor [C:\VitaliySaz\Java\spring_mvc_hibernate_aop\conf\Catalina\localhost\spring_mvc_hibernate_aop.xml] has finished in [3 787] ms
10-Jan-2025 10:17:27.299 INFO [main] org.apache.coyote.AbstractProtocol.start Starting ProtocolHandler ["http-nio-8080"]
10-Jan-2025 10:17:27.310 INFO [main] org.apache.catalina.startup.Catalina.start Server startup in [3852] milliseconds
10-Jan-2025 10:22:12.575 INFO [Thread-5] org.apache.coyote.AbstractProtocol.pause Pausing ProtocolHandler ["http-nio-8080"]
10-Jan-2025 10:22:12.577 INFO [Thread-5] org.apache.catalina.core.StandardService.stopInternal Stopping service [Catalina]
10-Jan-2025 10:22:12.591 WARNING [Thread-5] org.apache.catalina.loader.WebappClassLoaderBase.clearReferencesJdbc The web application [spring_mvc_hibernate_aop] registered the JDBC driver [org.postgresql.Driver] but failed to unregister it when the web application was stopped. To prevent a memory leak, the JDBC Driver has been forcibly unregistered.
10-Jan-2025 10:22:12.595 INFO [Thread-5] org.apache.coyote.AbstractProtocol.stop Stopping ProtocolHandler ["http-nio-8080"]
10-Jan-2025 10:22:12.601 INFO [Thread-5] org.apache.coyote.AbstractProtocol.destroy Destroying ProtocolHandler ["http-nio-8080"]
